<?xml version="1.0" encoding="UTF-8"?>
<testsuite name="Advanced Search" failures="0" tests="8" time="8.03" errors="0">
  <properties/>
  <testcase name="verifyAdvancedSearchPageIsDisplayed" time="2.156" classname="k12.AdvancedSearchTest"/>
  <testcase name="verifyNewRowIsAdded" time="0.125" classname="k12.AdvancedSearchTest"/>
  <testcase name="verifyContentTypeCheckboxesAreUnchecked" time="0.938" classname="k12.AdvancedSearchTest"/>
  <testcase name="verifyCheckboxesAvailableToLimitResults" time="0.234" classname="k12.AdvancedSearchTest"/>
  <testcase name="isUserAbleToSelectDocumentType" time="0.125" classname="k12.AdvancedSearchTest"/>
  <testcase name="verifyCheckboxesPresentForAllContentTypes" time="1.297" classname="k12.AdvancedSearchTest"/>
  <testcase name="isUserAbleToSelectContentLevel" time="0.109" classname="k12.AdvancedSearchTest"/>
  <testcase name="isUserAbleToSelectMultipleContentLevels" time="0.172" classname="k12.AdvancedSearchTest"/>
</testsuite>
