<?xml version="1.0" encoding="UTF-8"?>
<testsuite name="BasicSearch" failures="0" tests="4" time="14.842" errors="0">
  <properties/>
  <testcase name="basicSearchBoxIsDisplayedInHomePage" time="0.063" classname="k12.BasicSearchTest"/>
  <testcase name="basicSearchButtonIsDisplayedInBasicSearchResultsPage" time="0.031" classname="k12.BasicSearchTest"/>
  <testcase name="resultsPageTitleDisplayed" time="0.031" classname="k12.BasicSearchTest"/>
  <testcase name="searchValidationMessageIsDisplayed" time="8.686" classname="k12.BasicSearchTest"/>
</testsuite>
