<?xml version="1.0" encoding="UTF-8"?>
<testsuite name="PortalPageSuggestionsOnSearchResultsPageTest" failures="0" tests="5" time="41.112" errors="0">
  <properties/>
  <testcase name="verifyTopicsPortletAvailable" time="6.899" classname="k12.PortalPageSuggestionsOnSearchResultsPageTest"/>
  <testcase name="verifyTopicsPortletForInvalidKeyword" time="7.913" classname="k12.PortalPageSuggestionsOnSearchResultsPageTest"/>
  <testcase name="verifyTopicPortalalongWithOtherBuckets" time="7.882" classname="k12.PortalPageSuggestionsOnSearchResultsPageTest"/>
  <testcase name="verifyTopicsAreHyperlinked" time="6.68" classname="k12.PortalPageSuggestionsOnSearchResultsPageTest"/>
  <testcase name="verifySearchResultsStatementIsDisplayed" time="6.618" classname="k12.PortalPageSuggestionsOnSearchResultsPageTest"/>
</testsuite>
