<?xml version="1.0" encoding="UTF-8"?>
<testsuite name="TextDocumentTranslateText" failures="1" tests="6" time="59.733" errors="0">
  <properties/>
  <testcase name="verifyTitleOfTranslatedDocument" time="42.314" classname="k12.TextDocumentTranslateText"/>
  <testcase name="verifyWordsToKnowAvailable" time="0.327" classname="k12.TextDocumentTranslateText"/>
  <testcase name="verifyCitationIsPresent" time="1.265" classname="k12.TextDocumentTranslateText"/>
  <testcase name="verifyGaleDocumentNoIsPresent" time="0.281" classname="k12.TextDocumentTranslateText"/>
  <testcase name="verifyDisclaimerIsPresent" time="0.608" classname="k12.TextDocumentTranslateText"/>
  <testcase name="verifyNoreadSpeakerLinksPresent" time="0.937" classname="k12.TextDocumentTranslateText">
    <failure type="java.lang.AssertionError" message="expected:&amp;lt;true&amp;gt; but was:&amp;lt;false&amp;gt;">
      <![CDATA[java.lang.AssertionError: expected:<true> but was:<false>
	at k12.TextDocumentTranslateText.verifyNoreadSpeakerLinksPresent(TextDocumentTranslateText.java:56)
... Removed 26 stack frames]]>
    </failure>
  </testcase>
</testsuite>
