<?xml version="1.0" encoding="UTF-8"?>
<testsuite name="ViewAllWebsitesOnSearchResultsPageTest" failures="0" tests="10" time="38.762" errors="0">
  <properties/>
  <testcase name="basicSearch" time="4.922" classname="k12.ViewAllWebsitesOnSearchResultsPageTest"/>
  <testcase name="viewAllLinkForWebsitesIsDispalyed" time="0.078" classname="k12.ViewAllWebsitesOnSearchResultsPageTest"/>
  <testcase name="viewAllLinkForWebsitesIsWorking" time="4.546" classname="k12.ViewAllWebsitesOnSearchResultsPageTest"/>
  <testcase name="viewAllNavigationForWebsites" time="0.063" classname="k12.ViewAllWebsitesOnSearchResultsPageTest"/>
  <testcase name="verifyDocumentDisplayPageResultsForWebsites" time="0.062" classname="k12.ViewAllWebsitesOnSearchResultsPageTest"/>
  <testcase name="verifyNextLinkForWebsites" time="0.078" classname="k12.ViewAllWebsitesOnSearchResultsPageTest"/>
  <testcase name="verifyNextLinkIsworkingForWebsites" time="4.718" classname="k12.ViewAllWebsitesOnSearchResultsPageTest"/>
  <testcase name="verifyPreviousLinkForWebsites" time="0.062" classname="k12.ViewAllWebsitesOnSearchResultsPageTest"/>
  <testcase name="verifyPreviousLinkIsworkingForWebsites" time="3.922" classname="k12.ViewAllWebsitesOnSearchResultsPageTest"/>
  <testcase name="validateDocumentTitlesWithDB" time="15.795" classname="k12.ViewAllWebsitesOnSearchResultsPageTest"/>
</testsuite>
